<?xml version="1.0" encoding="UTF-8"?>
<testsuite xmlns:xsi="http://www.w3.org/2001/XMLSchema-instance" xsi:noNamespaceSchemaLocation="https://maven.apache.org/surefire/maven-surefire-plugin/xsd/surefire-test-report.xsd" name="test.UserTableDAOTest" time="1.848" tests="6" errors="1" skipped="0" failures="3">
  <properties>
[...]
</properties>
  <testcase name="selectAll" classname="test.UserTableDAOTest" time="0.385">
    <failure message="expected: &lt;false&gt; but was: &lt;true&gt;" type="org.opentest4j.AssertionFailedError"><![CDATA[org.opentest4j.AssertionFailedError: expected: <false> but was: <true>
	at test.UserTableDAOTest.selectAll(UserTableDAOTest.java:44)
]]></failure>
    <system-out><![CDATA[2020-06-09 16:15:21 INFO  - Post establishing a DB connection - org.postgresql.jdbc.PgConnection@4b168fa9
]]></system-out>
  </testcase>
  <testcase name="insert" classname="test.UserTableDAOTest" time="0.217"/>
  <testcase name="isUpdated" classname="test.UserTableDAOTest" time="0.109">
    <failure message="expected: &lt;true&gt; but was: &lt;false&gt;" type="org.opentest4j.AssertionFailedError"><![CDATA[org.opentest4j.AssertionFailedError: expected: <true> but was: <false>
	at test.UserTableDAOTest.isUpdated(UserTableDAOTest.java:59)
]]></failure>
    <system-out><![CDATA[2020-06-09 16:15:22 INFO  - Post establishing a DB connection - org.postgresql.jdbc.PgConnection@7995092a
]]></system-out>
  </testcase>
  <testcase name="deleteAll" classname="test.UserTableDAOTest" time="0.808"/>
  <testcase name="authenticateUser" classname="test.UserTableDAOTest" time="0.115">
    <error type="java.lang.NullPointerException">java.lang.NullPointerException
	at test.UserTableDAOTest.authenticateUser(UserTableDAOTest.java:36)
</error>
    <system-out><![CDATA[2020-06-09 16:15:23 INFO  - Post establishing a DB connection - org.postgresql.jdbc.PgConnection@6b19b79
]]></system-out>
  </testcase>
  <testcase name="isDeletedById" classname="test.UserTableDAOTest" time="0.113">
    <failure message="expected: &lt;true&gt; but was: &lt;false&gt;" type="org.opentest4j.AssertionFailedError"><![CDATA[org.opentest4j.AssertionFailedError: expected: <true> but was: <false>
	at test.UserTableDAOTest.isDeletedById(UserTableDAOTest.java:49)
]]></failure>
    <system-out><![CDATA[2020-06-09 16:15:23 INFO  - Post establishing a DB connection - org.postgresql.jdbc.PgConnection@2a32de6c
]]></system-out>
  </testcase>
</testsuite>